  Source.cpp
E:\programing\c++\wireframe_renderer\wireframe_renderer\Source.cpp(65,28): warning C4244: '=': conversion from 'float' to 'int', possible loss of data
E:\programing\c++\wireframe_renderer\wireframe_renderer\Source.cpp(66,28): warning C4244: '=': conversion from 'float' to 'int', possible loss of data
E:\programing\c++\wireframe_renderer\wireframe_renderer\Source.cpp(67,28): warning C4244: '=': conversion from 'float' to 'int', possible loss of data
E:\programing\c++\wireframe_renderer\wireframe_renderer\Source.cpp(86,51): warning C4244: '=': conversion from 'double' to 'float', possible loss of data
E:\programing\c++\wireframe_renderer\wireframe_renderer\Source.cpp(87,53): warning C4244: '=': conversion from 'double' to 'float', possible loss of data
E:\programing\c++\wireframe_renderer\wireframe_renderer\Source.cpp(100,63): warning C4244: '=': conversion from 'double' to 'float', possible loss of data
E:\programing\c++\wireframe_renderer\wireframe_renderer\Source.cpp(102,63): warning C4244: '=': conversion from 'double' to 'float', possible loss of data
E:\programing\c++\wireframe_renderer\wireframe_renderer\Source.cpp(115,63): warning C4244: '=': conversion from 'double' to 'float', possible loss of data
E:\programing\c++\wireframe_renderer\wireframe_renderer\Source.cpp(116,63): warning C4244: '=': conversion from 'double' to 'float', possible loss of data
E:\programing\c++\wireframe_renderer\wireframe_renderer\Source.cpp(172,48): warning C4244: 'argument': conversion from 'int' to 'float', possible loss of data
E:\programing\c++\wireframe_renderer\wireframe_renderer\Source.cpp(175,13): warning C4244: 'initializing': conversion from 'float' to 'int', possible loss of data
E:\programing\c++\wireframe_renderer\wireframe_renderer\Source.cpp(176,13): warning C4244: 'initializing': conversion from 'float' to 'int', possible loss of data
E:\programing\c++\wireframe_renderer\wireframe_renderer\Source.cpp(237,256): warning C4244: 'argument': conversion from 'float' to 'int', possible loss of data
E:\programing\c++\wireframe_renderer\wireframe_renderer\Source.cpp(237,198): warning C4244: 'argument': conversion from 'float' to 'int', possible loss of data
E:\programing\c++\wireframe_renderer\wireframe_renderer\Source.cpp(237,140): warning C4244: 'argument': conversion from 'float' to 'int', possible loss of data
E:\programing\c++\wireframe_renderer\wireframe_renderer\Source.cpp(237,78): warning C4244: 'argument': conversion from 'float' to 'int', possible loss of data
E:\programing\c++\wireframe_renderer\wireframe_renderer\Source.cpp(241,13): warning C4244: 'initializing': conversion from 'float' to 'int', possible loss of data
E:\programing\c++\wireframe_renderer\wireframe_renderer\Source.cpp(242,13): warning C4244: 'initializing': conversion from 'float' to 'int', possible loss of data
E:\programing\c++\wireframe_renderer\wireframe_renderer\Source.cpp(352,20): warning C4244: 'argument': conversion from 'int' to 'float', possible loss of data
E:\programing\c++\wireframe_renderer\wireframe_renderer\Source.cpp(352,17): warning C4244: 'argument': conversion from 'int' to 'float', possible loss of data
E:\programing\c++\wireframe_renderer\wireframe_renderer\Source.cpp(352,14): warning C4244: 'argument': conversion from 'int' to 'float', possible loss of data
E:\programing\c++\wireframe_renderer\wireframe_renderer\Source.cpp(366,20): warning C4244: 'argument': conversion from 'int' to 'float', possible loss of data
E:\programing\c++\wireframe_renderer\wireframe_renderer\Source.cpp(366,17): warning C4244: 'argument': conversion from 'int' to 'float', possible loss of data
E:\programing\c++\wireframe_renderer\wireframe_renderer\Source.cpp(366,14): warning C4244: 'argument': conversion from 'int' to 'float', possible loss of data
  wireframe_renderer.vcxproj -> E:\programing\c++\wireframe_renderer\x64\Debug\wireframe_renderer.exe
